-------------------------------------------------------------------------------
Test set: com.gaap.mp.rest.PersonRestTest
-------------------------------------------------------------------------------
Tests run: 1, Failures: 1, Errors: 0, Skipped: 0, Time elapsed: 0.405 s <<< FAILURE! - in com.gaap.mp.rest.PersonRestTest
test  Time elapsed: 0.256 s  <<< FAILURE!
org.opentest4j.AssertionFailedError: Not yet implemented
	at com.gaap.mp.rest.PersonRestTest.test(PersonRestTest.java:11)

